<?xml version="1.0" encoding="UTF-8"?>
<testsuite xmlns:xsi="http://www.w3.org/2001/XMLSchema-instance" xsi:noNamespaceSchemaLocation="https://maven.apache.org/surefire/maven-surefire-plugin/xsd/surefire-test-report-3.0.xsd" version="3.0" name="org.springframework.samples.petclinic.customers.web.PetResourceTest" time="2.372" tests="1" errors="0" skipped="0" failures="0">
  <properties>
    <property name="git.tags" value=""/>
    <property name="java.specification.version" value="17"/>
    <property name="sun.jnu.encoding" value="UTF-8"/>
    <property name="git.build.version" value="3.2.11"/>
    <property name="java.class.path" value="/Users/jaylee/Develop/git/spring-petclinic-microservices/spring-petclinic-customers-service/target/test-classes:/Users/jaylee/Develop/git/spring-petclinic-microservices/spring-petclinic-customers-service/target/classes:/Users/jaylee/.m2/repository/org/springframework/boot/spring-boot-starter-actuator/3.2.11/spring-boot-starter-actuator-3.2.11.jar:/Users/jaylee/.m2/repository/org/springframework/boot/spring-boot-starter/3.2.11/spring-boot-starter-3.2.11.jar:/Users/jaylee/.m2/repository/org/springframework/boot/spring-boot/3.2.11/spring-boot-3.2.11.jar:/Users/jaylee/.m2/repository/org/springframework/boot/spring-boot-autoconfigure/3.2.11/spring-boot-autoconfigure-3.2.11.jar:/Users/jaylee/.m2/repository/org/springframework/boot/spring-boot-starter-logging/3.2.11/spring-boot-starter-logging-3.2.11.jar:/Users/jaylee/.m2/repository/ch/qos/logback/logback-classic/1.4.14/logback-classic-1.4.14.jar:/Users/jaylee/.m2/repository/ch/qos/logback/logback-core/1.4.14/logback-core-1.4.14.jar:/Users/jaylee/.m2/repository/org/apache/logging/log4j/log4j-to-slf4j/2.21.1/log4j-to-slf4j-2.21.1.jar:/Users/jaylee/.m2/repository/org/apache/logging/log4j/log4j-api/2.21.1/log4j-api-2.21.1.jar:/Users/jaylee/.m2/repository/org/slf4j/jul-to-slf4j/2.0.16/jul-to-slf4j-2.0.16.jar:/Users/jaylee/.m2/repository/jakarta/annotation/jakarta.annotation-api/2.1.1/jakarta.annotation-api-2.1.1.jar:/Users/jaylee/.m2/repository/org/yaml/snakeyaml/2.2/snakeyaml-2.2.jar:/Users/jaylee/.m2/repository/org/springframework/boot/spring-boot-actuator-autoconfigure/3.2.11/spring-boot-actuator-autoconfigure-3.2.11.jar:/Users/jaylee/.m2/repository/org/springframework/boot/spring-boot-actuator/3.2.11/spring-boot-actuator-3.2.11.jar:/Users/jaylee/.m2/repository/com/fasterxml/jackson/datatype/jackson-datatype-jsr310/2.15.4/jackson-datatype-jsr310-2.15.4.jar:/Users/jaylee/.m2/repository/io/micrometer/micrometer-observation/1.12.11/micrometer-observation-1.12.11.jar:/Users/jaylee/.m2/repository/io/micrometer/micrometer-commons/1.12.11/micrometer-commons-1.12.11.jar:/Users/jaylee/.m2/repository/io/micrometer/micrometer-jakarta9/1.12.11/micrometer-jakarta9-1.12.11.jar:/Users/jaylee/.m2/repository/org/springframework/boot/spring-boot-starter-data-jpa/3.2.11/spring-boot-starter-data-jpa-3.2.11.jar:/Users/jaylee/.m2/repository/org/springframework/boot/spring-boot-starter-aop/3.2.11/spring-boot-starter-aop-3.2.11.jar:/Users/jaylee/.m2/repository/org/springframework/spring-aop/6.1.14/spring-aop-6.1.14.jar:/Users/jaylee/.m2/repository/org/springframework/boot/spring-boot-starter-jdbc/3.2.11/spring-boot-starter-jdbc-3.2.11.jar:/Users/jaylee/.m2/repository/com/zaxxer/HikariCP/5.0.1/HikariCP-5.0.1.jar:/Users/jaylee/.m2/repository/org/springframework/spring-jdbc/6.1.14/spring-jdbc-6.1.14.jar:/Users/jaylee/.m2/repository/org/hibernate/orm/hibernate-core/6.4.10.Final/hibernate-core-6.4.10.Final.jar:/Users/jaylee/.m2/repository/jakarta/persistence/jakarta.persistence-api/3.1.0/jakarta.persistence-api-3.1.0.jar:/Users/jaylee/.m2/repository/jakarta/transaction/jakarta.transaction-api/2.0.1/jakarta.transaction-api-2.0.1.jar:/Users/jaylee/.m2/repository/org/jboss/logging/jboss-logging/3.5.3.Final/jboss-logging-3.5.3.Final.jar:/Users/jaylee/.m2/repository/org/hibernate/common/hibernate-commons-annotations/6.0.6.Final/hibernate-commons-annotations-6.0.6.Final.jar:/Users/jaylee/.m2/repository/io/smallrye/jandex/3.1.2/jandex-3.1.2.jar:/Users/jaylee/.m2/repository/com/fasterxml/classmate/1.6.0/classmate-1.6.0.jar:/Users/jaylee/.m2/repository/org/glassfish/jaxb/jaxb-runtime/4.0.5/jaxb-runtime-4.0.5.jar:/Users/jaylee/.m2/repository/org/glassfish/jaxb/jaxb-core/4.0.5/jaxb-core-4.0.5.jar:/Users/jaylee/.m2/repository/org/eclipse/angus/angus-activation/2.0.2/angus-activation-2.0.2.jar:/Users/jaylee/.m2/repository/org/glassfish/jaxb/txw2/4.0.5/txw2-4.0.5.jar:/Users/jaylee/.m2/repository/com/sun/istack/istack-commons-runtime/4.1.2/istack-commons-runtime-4.1.2.jar:/Users/jaylee/.m2/repository/jakarta/inject/jakarta.inject-api/2.0.1/jakarta.inject-api-2.0.1.jar:/Users/jaylee/.m2/repository/org/antlr/antlr4-runtime/4.13.0/antlr4-runtime-4.13.0.jar:/Users/jaylee/.m2/repository/org/springframework/data/spring-data-jpa/3.2.11/spring-data-jpa-3.2.11.jar:/Users/jaylee/.m2/repository/org/springframework/data/spring-data-commons/3.2.11/spring-data-commons-3.2.11.jar:/Users/jaylee/.m2/repository/org/springframework/spring-orm/6.1.14/spring-orm-6.1.14.jar:/Users/jaylee/.m2/repository/org/springframework/spring-context/6.1.14/spring-context-6.1.14.jar:/Users/jaylee/.m2/repository/org/springframework/spring-tx/6.1.14/spring-tx-6.1.14.jar:/Users/jaylee/.m2/repository/org/springframework/spring-beans/6.1.14/spring-beans-6.1.14.jar:/Users/jaylee/.m2/repository/org/slf4j/slf4j-api/2.0.16/slf4j-api-2.0.16.jar:/Users/jaylee/.m2/repository/org/springframework/spring-aspects/6.1.14/spring-aspects-6.1.14.jar:/Users/jaylee/.m2/repository/org/springframework/boot/spring-boot-starter-test/3.2.11/spring-boot-starter-test-3.2.11.jar:/Users/jaylee/.m2/repository/org/springframework/boot/spring-boot-test/3.2.11/spring-boot-test-3.2.11.jar:/Users/jaylee/.m2/repository/org/springframework/boot/spring-boot-test-autoconfigure/3.2.11/spring-boot-test-autoconfigure-3.2.11.jar:/Users/jaylee/.m2/repository/com/jayway/jsonpath/json-path/2.9.0/json-path-2.9.0.jar:/Users/jaylee/.m2/repository/jakarta/xml/bind/jakarta.xml.bind-api/4.0.2/jakarta.xml.bind-api-4.0.2.jar:/Users/jaylee/.m2/repository/jakarta/activation/jakarta.activation-api/2.1.3/jakarta.activation-api-2.1.3.jar:/Users/jaylee/.m2/repository/net/minidev/json-smart/2.5.1/json-smart-2.5.1.jar:/Users/jaylee/.m2/repository/net/minidev/accessors-smart/2.5.1/accessors-smart-2.5.1.jar:/Users/jaylee/.m2/repository/org/ow2/asm/asm/9.6/asm-9.6.jar:/Users/jaylee/.m2/repository/org/awaitility/awaitility/4.2.2/awaitility-4.2.2.jar:/Users/jaylee/.m2/repository/org/hamcrest/hamcrest/2.2/hamcrest-2.2.jar:/Users/jaylee/.m2/repository/org/junit/jupiter/junit-jupiter/5.10.5/junit-jupiter-5.10.5.jar:/Users/jaylee/.m2/repository/org/junit/jupiter/junit-jupiter-params/5.10.5/junit-jupiter-params-5.10.5.jar:/Users/jaylee/.m2/repository/org/mockito/mockito-core/5.7.0/mockito-core-5.7.0.jar:/Users/jaylee/.m2/repository/net/bytebuddy/byte-buddy-agent/1.14.19/byte-buddy-agent-1.14.19.jar:/Users/jaylee/.m2/repository/org/objenesis/objenesis/3.3/objenesis-3.3.jar:/Users/jaylee/.m2/repository/org/mockito/mockito-junit-jupiter/5.7.0/mockito-junit-jupiter-5.7.0.jar:/Users/jaylee/.m2/repository/org/skyscreamer/jsonassert/1.5.3/jsonassert-1.5.3.jar:/Users/jaylee/.m2/repository/com/vaadin/external/google/android-json/0.0.20131108.vaadin1/android-json-0.0.20131108.vaadin1.jar:/Users/jaylee/.m2/repository/org/springframework/spring-core/6.1.14/spring-core-6.1.14.jar:/Users/jaylee/.m2/repository/org/springframework/spring-jcl/6.1.14/spring-jcl-6.1.14.jar:/Users/jaylee/.m2/repository/org/springframework/spring-test/6.1.14/spring-test-6.1.14.jar:/Users/jaylee/.m2/repository/org/xmlunit/xmlunit-core/2.9.1/xmlunit-core-2.9.1.jar:/Users/jaylee/.m2/repository/org/springframework/boot/spring-boot-starter-web/3.2.11/spring-boot-starter-web-3.2.11.jar:/Users/jaylee/.m2/repository/org/springframework/boot/spring-boot-starter-json/3.2.11/spring-boot-starter-json-3.2.11.jar:/Users/jaylee/.m2/repository/com/fasterxml/jackson/datatype/jackson-datatype-jdk8/2.15.4/jackson-datatype-jdk8-2.15.4.jar:/Users/jaylee/.m2/repository/com/fasterxml/jackson/module/jackson-module-parameter-names/2.15.4/jackson-module-parameter-names-2.15.4.jar:/Users/jaylee/.m2/repository/org/springframework/boot/spring-boot-starter-tomcat/3.2.11/spring-boot-starter-tomcat-3.2.11.jar:/Users/jaylee/.m2/repository/org/apache/tomcat/embed/tomcat-embed-core/10.1.31/tomcat-embed-core-10.1.31.jar:/Users/jaylee/.m2/repository/org/apache/tomcat/embed/tomcat-embed-el/10.1.31/tomcat-embed-el-10.1.31.jar:/Users/jaylee/.m2/repository/org/apache/tomcat/embed/tomcat-embed-websocket/10.1.31/tomcat-embed-websocket-10.1.31.jar:/Users/jaylee/.m2/repository/org/springframework/spring-web/6.1.14/spring-web-6.1.14.jar:/Users/jaylee/.m2/repository/org/springframework/spring-webmvc/6.1.14/spring-webmvc-6.1.14.jar:/Users/jaylee/.m2/repository/org/springframework/spring-expression/6.1.14/spring-expression-6.1.14.jar:/Users/jaylee/.m2/repository/org/springframework/cloud/spring-cloud-starter-bootstrap/4.1.4/spring-cloud-starter-bootstrap-4.1.4.jar:/Users/jaylee/.m2/repository/org/springframework/cloud/spring-cloud-starter/4.1.4/spring-cloud-starter-4.1.4.jar:/Users/jaylee/.m2/repository/org/springframework/cloud/spring-cloud-context/4.1.4/spring-cloud-context-4.1.4.jar:/Users/jaylee/.m2/repository/org/springframework/security/spring-security-crypto/6.2.7/spring-security-crypto-6.2.7.jar:/Users/jaylee/.m2/repository/org/springframework/cloud/spring-cloud-commons/4.1.4/spring-cloud-commons-4.1.4.jar:/Users/jaylee/.m2/repository/org/springframework/security/spring-security-rsa/1.1.3/spring-security-rsa-1.1.3.jar:/Users/jaylee/.m2/repository/org/bouncycastle/bcprov-jdk18on/1.78/bcprov-jdk18on-1.78.jar:/Users/jaylee/.m2/repository/org/springframework/cloud/spring-cloud-starter-config/4.1.3/spring-cloud-starter-config-4.1.3.jar:/Users/jaylee/.m2/repository/org/springframework/cloud/spring-cloud-config-client/4.1.3/spring-cloud-config-client-4.1.3.jar:/Users/jaylee/.m2/repository/com/fasterxml/jackson/core/jackson-annotations/2.15.4/jackson-annotations-2.15.4.jar:/Users/jaylee/.m2/repository/org/apache/httpcomponents/client5/httpclient5/5.2.3/httpclient5-5.2.3.jar:/Users/jaylee/.m2/repository/org/apache/httpcomponents/core5/httpcore5/5.2.5/httpcore5-5.2.5.jar:/Users/jaylee/.m2/repository/org/apache/httpcomponents/core5/httpcore5-h2/5.2.5/httpcore5-h2-5.2.5.jar:/Users/jaylee/.m2/repository/com/fasterxml/jackson/core/jackson-databind/2.15.4/jackson-databind-2.15.4.jar:/Users/jaylee/.m2/repository/com/fasterxml/jackson/core/jackson-core/2.15.4/jackson-core-2.15.4.jar:/Users/jaylee/.m2/repository/org/springframework/cloud/spring-cloud-starter-netflix-eureka-client/4.1.3/spring-cloud-starter-netflix-eureka-client-4.1.3.jar:/Users/jaylee/.m2/repository/org/springframework/cloud/spring-cloud-netflix-eureka-client/4.1.3/spring-cloud-netflix-eureka-client-4.1.3.jar:/Users/jaylee/.m2/repository/com/netflix/eureka/eureka-client/2.0.3/eureka-client-2.0.3.jar:/Users/jaylee/.m2/repository/com/thoughtworks/xstream/xstream/1.4.20/xstream-1.4.20.jar:/Users/jaylee/.m2/repository/io/github/x-stream/mxparser/1.2.2/mxparser-1.2.2.jar:/Users/jaylee/.m2/repository/xmlpull/xmlpull/1.1.3.1/xmlpull-1.1.3.1.jar:/Users/jaylee/.m2/repository/jakarta/ws/rs/jakarta.ws.rs-api/3.1.0/jakarta.ws.rs-api-3.1.0.jar:/Users/jaylee/.m2/repository/com/netflix/spectator/spectator-api/1.7.3/spectator-api-1.7.3.jar:/Users/jaylee/.m2/repository/org/apache/httpcomponents/httpclient/4.5.3/httpclient-4.5.3.jar:/Users/jaylee/.m2/repository/org/apache/httpcomponents/httpcore/4.4.16/httpcore-4.4.16.jar:/Users/jaylee/.m2/repository/commons-codec/commons-codec/1.16.1/commons-codec-1.16.1.jar:/Users/jaylee/.m2/repository/commons-configuration/commons-configuration/1.10/commons-configuration-1.10.jar:/Users/jaylee/.m2/repository/commons-lang/commons-lang/2.6/commons-lang-2.6.jar:/Users/jaylee/.m2/repository/com/netflix/netflix-commons/netflix-eventbus/0.3.0/netflix-eventbus-0.3.0.jar:/Users/jaylee/.m2/repository/com/netflix/netflix-commons/netflix-infix/0.3.0/netflix-infix-0.3.0.jar:/Users/jaylee/.m2/repository/commons-jxpath/commons-jxpath/1.3/commons-jxpath-1.3.jar:/Users/jaylee/.m2/repository/joda-time/joda-time/2.3/joda-time-2.3.jar:/Users/jaylee/.m2/repository/org/antlr/antlr-runtime/3.4/antlr-runtime-3.4.jar:/Users/jaylee/.m2/repository/org/antlr/stringtemplate/3.2.1/stringtemplate-3.2.1.jar:/Users/jaylee/.m2/repository/antlr/antlr/2.7.7/antlr-2.7.7.jar:/Users/jaylee/.m2/repository/com/google/code/gson/gson/2.10.1/gson-2.10.1.jar:/Users/jaylee/.m2/repository/com/netflix/servo/servo-core/0.5.3/servo-core-0.5.3.jar:/Users/jaylee/.m2/repository/org/apache/commons/commons-math/2.2/commons-math-2.2.jar:/Users/jaylee/.m2/repository/javax/annotation/javax.annotation-api/1.2/javax.annotation-api-1.2.jar:/Users/jaylee/.m2/repository/org/codehaus/jettison/jettison/1.5.4/jettison-1.5.4.jar:/Users/jaylee/.m2/repository/com/netflix/eureka/eureka-core/2.0.3/eureka-core-2.0.3.jar:/Users/jaylee/.m2/repository/com/fasterxml/woodstox/woodstox-core/6.2.1/woodstox-core-6.2.1.jar:/Users/jaylee/.m2/repository/org/codehaus/woodstox/stax2-api/4.2.1/stax2-api-4.2.1.jar:/Users/jaylee/.m2/repository/com/google/guava/guava/33.0.0-jre/guava-33.0.0-jre.jar:/Users/jaylee/.m2/repository/com/google/guava/failureaccess/1.0.2/failureaccess-1.0.2.jar:/Users/jaylee/.m2/repository/com/google/guava/listenablefuture/9999.0-empty-to-avoid-conflict-with-guava/listenablefuture-9999.0-empty-to-avoid-conflict-with-guava.jar:/Users/jaylee/.m2/repository/org/checkerframework/checker-qual/3.41.0/checker-qual-3.41.0.jar:/Users/jaylee/.m2/repository/com/google/errorprone/error_prone_annotations/2.23.0/error_prone_annotations-2.23.0.jar:/Users/jaylee/.m2/repository/com/google/j2objc/j2objc-annotations/2.8/j2objc-annotations-2.8.jar:/Users/jaylee/.m2/repository/org/springframework/cloud/spring-cloud-starter-loadbalancer/4.1.4/spring-cloud-starter-loadbalancer-4.1.4.jar:/Users/jaylee/.m2/repository/org/springframework/cloud/spring-cloud-loadbalancer/4.1.4/spring-cloud-loadbalancer-4.1.4.jar:/Users/jaylee/.m2/repository/io/projectreactor/reactor-core/3.6.11/reactor-core-3.6.11.jar:/Users/jaylee/.m2/repository/org/reactivestreams/reactive-streams/1.0.4/reactive-streams-1.0.4.jar:/Users/jaylee/.m2/repository/io/projectreactor/addons/reactor-extra/3.5.2/reactor-extra-3.5.2.jar:/Users/jaylee/.m2/repository/org/springframework/boot/spring-boot-starter-cache/3.2.11/spring-boot-starter-cache-3.2.11.jar:/Users/jaylee/.m2/repository/org/springframework/spring-context-support/6.1.14/spring-context-support-6.1.14.jar:/Users/jaylee/.m2/repository/com/stoyanr/evictor/1.0.0/evictor-1.0.0.jar:/Users/jaylee/.m2/repository/com/azure/spring/spring-cloud-azure-starter-jdbc-mysql/5.18.0/spring-cloud-azure-starter-jdbc-mysql-5.18.0.jar:/Users/jaylee/.m2/repository/com/azure/spring/spring-cloud-azure-starter/5.18.0/spring-cloud-azure-starter-5.18.0.jar:/Users/jaylee/.m2/repository/com/azure/spring/spring-cloud-azure-autoconfigure/5.18.0/spring-cloud-azure-autoconfigure-5.18.0.jar:/Users/jaylee/.m2/repository/com/azure/spring/spring-cloud-azure-service/5.18.0/spring-cloud-azure-service-5.18.0.jar:/Users/jaylee/.m2/repository/com/azure/spring/spring-cloud-azure-core/5.18.0/spring-cloud-azure-core-5.18.0.jar:/Users/jaylee/.m2/repository/com/azure/azure-core-amqp/2.9.10/azure-core-amqp-2.9.10.jar:/Users/jaylee/.m2/repository/com/microsoft/azure/qpid-proton-j-extensions/1.2.5/qpid-proton-j-extensions-1.2.5.jar:/Users/jaylee/.m2/repository/org/apache/qpid/proton-j/0.34.1/proton-j-0.34.1.jar:/Users/jaylee/.m2/repository/com/azure/azure-core-management/1.15.4/azure-core-management-1.15.4.jar:/Users/jaylee/.m2/repository/jakarta/validation/jakarta.validation-api/3.0.2/jakarta.validation-api-3.0.2.jar:/Users/jaylee/.m2/repository/com/azure/azure-identity-extensions/1.1.21/azure-identity-extensions-1.1.21.jar:/Users/jaylee/.m2/repository/com/azure/azure-identity/1.14.0/azure-identity-1.14.0.jar:/Users/jaylee/.m2/repository/com/azure/azure-core/1.53.0/azure-core-1.53.0.jar:/Users/jaylee/.m2/repository/com/azure/azure-xml/1.1.0/azure-xml-1.1.0.jar:/Users/jaylee/.m2/repository/com/azure/azure-core-http-netty/1.15.5/azure-core-http-netty-1.15.5.jar:/Users/jaylee/.m2/repository/io/netty/netty-handler/4.1.114.Final/netty-handler-4.1.114.Final.jar:/Users/jaylee/.m2/repository/io/netty/netty-resolver/4.1.114.Final/netty-resolver-4.1.114.Final.jar:/Users/jaylee/.m2/repository/io/netty/netty-transport/4.1.114.Final/netty-transport-4.1.114.Final.jar:/Users/jaylee/.m2/repository/io/netty/netty-handler-proxy/4.1.114.Final/netty-handler-proxy-4.1.114.Final.jar:/Users/jaylee/.m2/repository/io/netty/netty-codec-socks/4.1.114.Final/netty-codec-socks-4.1.114.Final.jar:/Users/jaylee/.m2/repository/io/netty/netty-buffer/4.1.114.Final/netty-buffer-4.1.114.Final.jar:/Users/jaylee/.m2/repository/io/netty/netty-codec/4.1.114.Final/netty-codec-4.1.114.Final.jar:/Users/jaylee/.m2/repository/io/netty/netty-codec-http/4.1.114.Final/netty-codec-http-4.1.114.Final.jar:/Users/jaylee/.m2/repository/io/netty/netty-codec-http2/4.1.114.Final/netty-codec-http2-4.1.114.Final.jar:/Users/jaylee/.m2/repository/io/netty/netty-transport-native-unix-common/4.1.114.Final/netty-transport-native-unix-common-4.1.114.Final.jar:/Users/jaylee/.m2/repository/io/netty/netty-transport-native-epoll/4.1.114.Final/netty-transport-native-epoll-4.1.114.Final-linux-x86_64.jar:/Users/jaylee/.m2/repository/io/netty/netty-transport-classes-epoll/4.1.114.Final/netty-transport-classes-epoll-4.1.114.Final.jar:/Users/jaylee/.m2/repository/io/netty/netty-transport-native-kqueue/4.1.114.Final/netty-transport-native-kqueue-4.1.114.Final-osx-x86_64.jar:/Users/jaylee/.m2/repository/io/netty/netty-transport-classes-kqueue/4.1.114.Final/netty-transport-classes-kqueue-4.1.114.Final.jar:/Users/jaylee/.m2/repository/io/netty/netty-tcnative-boringssl-static/2.0.66.Final/netty-tcnative-boringssl-static-2.0.66.Final.jar:/Users/jaylee/.m2/repository/io/netty/netty-tcnative-classes/2.0.66.Final/netty-tcnative-classes-2.0.66.Final.jar:/Users/jaylee/.m2/repository/io/netty/netty-tcnative-boringssl-static/2.0.66.Final/netty-tcnative-boringssl-static-2.0.66.Final-linux-x86_64.jar:/Users/jaylee/.m2/repository/io/netty/netty-tcnative-boringssl-static/2.0.66.Final/netty-tcnative-boringssl-static-2.0.66.Final-linux-aarch_64.jar:/Users/jaylee/.m2/repository/io/netty/netty-tcnative-boringssl-static/2.0.66.Final/netty-tcnative-boringssl-static-2.0.66.Final-osx-x86_64.jar:/Users/jaylee/.m2/repository/io/netty/netty-tcnative-boringssl-static/2.0.66.Final/netty-tcnative-boringssl-static-2.0.66.Final-osx-aarch_64.jar:/Users/jaylee/.m2/repository/io/netty/netty-tcnative-boringssl-static/2.0.66.Final/netty-tcnative-boringssl-static-2.0.66.Final-windows-x86_64.jar:/Users/jaylee/.m2/repository/io/projectreactor/netty/reactor-netty-http/1.1.23/reactor-netty-http-1.1.23.jar:/Users/jaylee/.m2/repository/io/netty/netty-resolver-dns/4.1.114.Final/netty-resolver-dns-4.1.114.Final.jar:/Users/jaylee/.m2/repository/io/netty/netty-codec-dns/4.1.114.Final/netty-codec-dns-4.1.114.Final.jar:/Users/jaylee/.m2/repository/io/netty/netty-resolver-dns-native-macos/4.1.114.Final/netty-resolver-dns-native-macos-4.1.114.Final-osx-x86_64.jar:/Users/jaylee/.m2/repository/io/netty/netty-resolver-dns-classes-macos/4.1.114.Final/netty-resolver-dns-classes-macos-4.1.114.Final.jar:/Users/jaylee/.m2/repository/io/projectreactor/netty/reactor-netty-core/1.1.23/reactor-netty-core-1.1.23.jar:/Users/jaylee/.m2/repository/io/netty/netty-common/4.1.114.Final/netty-common-4.1.114.Final.jar:/Users/jaylee/.m2/repository/com/azure/azure-json/1.3.0/azure-json-1.3.0.jar:/Users/jaylee/.m2/repository/com/microsoft/azure/msal4j/1.17.2/msal4j-1.17.2.jar:/Users/jaylee/.m2/repository/com/nimbusds/oauth2-oidc-sdk/11.18/oauth2-oidc-sdk-11.18.jar:/Users/jaylee/.m2/repository/com/github/stephenc/jcip/jcip-annotations/1.0-1/jcip-annotations-1.0-1.jar:/Users/jaylee/.m2/repository/com/nimbusds/content-type/2.3/content-type-2.3.jar:/Users/jaylee/.m2/repository/com/nimbusds/lang-tag/1.7/lang-tag-1.7.jar:/Users/jaylee/.m2/repository/com/nimbusds/nimbus-jose-jwt/9.40/nimbus-jose-jwt-9.40.jar:/Users/jaylee/.m2/repository/com/microsoft/azure/msal4j-persistence-extension/1.3.0/msal4j-persistence-extension-1.3.0.jar:/Users/jaylee/.m2/repository/net/java/dev/jna/jna/5.13.0/jna-5.13.0.jar:/Users/jaylee/.m2/repository/net/java/dev/jna/jna-platform/5.6.0/jna-platform-5.6.0.jar:/Users/jaylee/.m2/repository/com/mysql/mysql-connector-j/8.3.0/mysql-connector-j-8.3.0.jar:/Users/jaylee/.m2/repository/org/hsqldb/hsqldb/2.7.3/hsqldb-2.7.3.jar:/Users/jaylee/.m2/repository/org/jolokia/jolokia-core/1.7.1/jolokia-core-1.7.1.jar:/Users/jaylee/.m2/repository/com/googlecode/json-simple/json-simple/1.1.1/json-simple-1.1.1.jar:/Users/jaylee/.m2/repository/org/projectlombok/lombok/1.18.34/lombok-1.18.34.jar:/Users/jaylee/.m2/repository/io/micrometer/micrometer-registry-prometheus/1.12.11/micrometer-registry-prometheus-1.12.11.jar:/Users/jaylee/.m2/repository/io/micrometer/micrometer-core/1.12.11/micrometer-core-1.12.11.jar:/Users/jaylee/.m2/repository/org/hdrhistogram/HdrHistogram/2.1.12/HdrHistogram-2.1.12.jar:/Users/jaylee/.m2/repository/org/latencyutils/LatencyUtils/2.0.3/LatencyUtils-2.0.3.jar:/Users/jaylee/.m2/repository/io/prometheus/simpleclient_common/0.16.0/simpleclient_common-0.16.0.jar:/Users/jaylee/.m2/repository/io/prometheus/simpleclient/0.16.0/simpleclient-0.16.0.jar:/Users/jaylee/.m2/repository/io/prometheus/simpleclient_tracer_otel/0.16.0/simpleclient_tracer_otel-0.16.0.jar:/Users/jaylee/.m2/repository/io/prometheus/simpleclient_tracer_common/0.16.0/simpleclient_tracer_common-0.16.0.jar:/Users/jaylee/.m2/repository/io/prometheus/simpleclient_tracer_otel_agent/0.16.0/simpleclient_tracer_otel_agent-0.16.0.jar:/Users/jaylee/.m2/repository/de/codecentric/chaos-monkey-spring-boot/2.3.10/chaos-monkey-spring-boot-2.3.10.jar:/Users/jaylee/.m2/repository/org/springframework/spring-instrument/6.1.14/spring-instrument-6.1.14.jar:/Users/jaylee/.m2/repository/org/aspectj/aspectjweaver/1.9.22.1/aspectjweaver-1.9.22.1.jar:/Users/jaylee/.m2/repository/org/springframework/boot/spring-boot-starter-validation/3.2.11/spring-boot-starter-validation-3.2.11.jar:/Users/jaylee/.m2/repository/org/hibernate/validator/hibernate-validator/8.0.1.Final/hibernate-validator-8.0.1.Final.jar:/Users/jaylee/.m2/repository/org/springframework/boot/spring-boot-configuration-processor/3.2.11/spring-boot-configuration-processor-3.2.11.jar:/Users/jaylee/.m2/repository/org/junit/jupiter/junit-jupiter-api/5.10.5/junit-jupiter-api-5.10.5.jar:/Users/jaylee/.m2/repository/org/opentest4j/opentest4j/1.3.0/opentest4j-1.3.0.jar:/Users/jaylee/.m2/repository/org/junit/platform/junit-platform-commons/1.10.5/junit-platform-commons-1.10.5.jar:/Users/jaylee/.m2/repository/org/apiguardian/apiguardian-api/1.1.2/apiguardian-api-1.1.2.jar:/Users/jaylee/.m2/repository/org/junit/jupiter/junit-jupiter-engine/5.10.5/junit-jupiter-engine-5.10.5.jar:/Users/jaylee/.m2/repository/org/junit/platform/junit-platform-engine/1.10.5/junit-platform-engine-1.10.5.jar:/Users/jaylee/.m2/repository/org/assertj/assertj-core/3.26.3/assertj-core-3.26.3.jar:/Users/jaylee/.m2/repository/net/bytebuddy/byte-buddy/1.14.19/byte-buddy-1.14.19.jar:"/>
    <property name="git.branch" value="azure"/>
    <property name="git.build.host" value="Jays-M3Pro.local"/>
    <property name="java.vm.vendor" value="Microsoft"/>
    <property name="sun.arch.data.model" value="64"/>
    <property name="git.commit.id" value="b71a50bb45724f8c357ecf89886c0c9b742eca9f"/>
    <property name="java.vendor.url" value="https://www.microsoft.com"/>
    <property name="user.timezone" value="Asia/Singapore"/>
    <property name="org.jboss.logging.provider" value="slf4j"/>
    <property name="java.vm.specification.version" value="17"/>
    <property name="os.name" value="Mac OS X"/>
    <property name="git.commit.author.time" value="2024-01-24T15:51:49+0800"/>
    <property name="sun.java.launcher" value="SUN_STANDARD"/>
    <property name="user.country" value="US"/>
    <property name="git.build.user.name" value="Jay Lee"/>
    <property name="sun.boot.library.path" value="/Users/jaylee/.sdkman/candidates/java/17.0.11-ms/lib"/>
    <property name="sun.java.command" value="/Users/jaylee/Develop/git/spring-petclinic-microservices/spring-petclinic-customers-service/target/surefire/surefirebooter-20241112153600011_3.jar /Users/jaylee/Develop/git/spring-petclinic-microservices/spring-petclinic-customers-service/target/surefire 2024-11-12T15-35-59_577-jvmRun1 surefire-20241112153600011_1tmp surefire_0-20241112153600011_2tmp"/>
    <property name="jdk.debug" value="release"/>
    <property name="surefire.test.class.path" value="/Users/jaylee/Develop/git/spring-petclinic-microservices/spring-petclinic-customers-service/target/test-classes:/Users/jaylee/Develop/git/spring-petclinic-microservices/spring-petclinic-customers-service/target/classes:/Users/jaylee/.m2/repository/org/springframework/boot/spring-boot-starter-actuator/3.2.11/spring-boot-starter-actuator-3.2.11.jar:/Users/jaylee/.m2/repository/org/springframework/boot/spring-boot-starter/3.2.11/spring-boot-starter-3.2.11.jar:/Users/jaylee/.m2/repository/org/springframework/boot/spring-boot/3.2.11/spring-boot-3.2.11.jar:/Users/jaylee/.m2/repository/org/springframework/boot/spring-boot-autoconfigure/3.2.11/spring-boot-autoconfigure-3.2.11.jar:/Users/jaylee/.m2/repository/org/springframework/boot/spring-boot-starter-logging/3.2.11/spring-boot-starter-logging-3.2.11.jar:/Users/jaylee/.m2/repository/ch/qos/logback/logback-classic/1.4.14/logback-classic-1.4.14.jar:/Users/jaylee/.m2/repository/ch/qos/logback/logback-core/1.4.14/logback-core-1.4.14.jar:/Users/jaylee/.m2/repository/org/apache/logging/log4j/log4j-to-slf4j/2.21.1/log4j-to-slf4j-2.21.1.jar:/Users/jaylee/.m2/repository/org/apache/logging/log4j/log4j-api/2.21.1/log4j-api-2.21.1.jar:/Users/jaylee/.m2/repository/org/slf4j/jul-to-slf4j/2.0.16/jul-to-slf4j-2.0.16.jar:/Users/jaylee/.m2/repository/jakarta/annotation/jakarta.annotation-api/2.1.1/jakarta.annotation-api-2.1.1.jar:/Users/jaylee/.m2/repository/org/yaml/snakeyaml/2.2/snakeyaml-2.2.jar:/Users/jaylee/.m2/repository/org/springframework/boot/spring-boot-actuator-autoconfigure/3.2.11/spring-boot-actuator-autoconfigure-3.2.11.jar:/Users/jaylee/.m2/repository/org/springframework/boot/spring-boot-actuator/3.2.11/spring-boot-actuator-3.2.11.jar:/Users/jaylee/.m2/repository/com/fasterxml/jackson/datatype/jackson-datatype-jsr310/2.15.4/jackson-datatype-jsr310-2.15.4.jar:/Users/jaylee/.m2/repository/io/micrometer/micrometer-observation/1.12.11/micrometer-observation-1.12.11.jar:/Users/jaylee/.m2/repository/io/micrometer/micrometer-commons/1.12.11/micrometer-commons-1.12.11.jar:/Users/jaylee/.m2/repository/io/micrometer/micrometer-jakarta9/1.12.11/micrometer-jakarta9-1.12.11.jar:/Users/jaylee/.m2/repository/org/springframework/boot/spring-boot-starter-data-jpa/3.2.11/spring-boot-starter-data-jpa-3.2.11.jar:/Users/jaylee/.m2/repository/org/springframework/boot/spring-boot-starter-aop/3.2.11/spring-boot-starter-aop-3.2.11.jar:/Users/jaylee/.m2/repository/org/springframework/spring-aop/6.1.14/spring-aop-6.1.14.jar:/Users/jaylee/.m2/repository/org/springframework/boot/spring-boot-starter-jdbc/3.2.11/spring-boot-starter-jdbc-3.2.11.jar:/Users/jaylee/.m2/repository/com/zaxxer/HikariCP/5.0.1/HikariCP-5.0.1.jar:/Users/jaylee/.m2/repository/org/springframework/spring-jdbc/6.1.14/spring-jdbc-6.1.14.jar:/Users/jaylee/.m2/repository/org/hibernate/orm/hibernate-core/6.4.10.Final/hibernate-core-6.4.10.Final.jar:/Users/jaylee/.m2/repository/jakarta/persistence/jakarta.persistence-api/3.1.0/jakarta.persistence-api-3.1.0.jar:/Users/jaylee/.m2/repository/jakarta/transaction/jakarta.transaction-api/2.0.1/jakarta.transaction-api-2.0.1.jar:/Users/jaylee/.m2/repository/org/jboss/logging/jboss-logging/3.5.3.Final/jboss-logging-3.5.3.Final.jar:/Users/jaylee/.m2/repository/org/hibernate/common/hibernate-commons-annotations/6.0.6.Final/hibernate-commons-annotations-6.0.6.Final.jar:/Users/jaylee/.m2/repository/io/smallrye/jandex/3.1.2/jandex-3.1.2.jar:/Users/jaylee/.m2/repository/com/fasterxml/classmate/1.6.0/classmate-1.6.0.jar:/Users/jaylee/.m2/repository/org/glassfish/jaxb/jaxb-runtime/4.0.5/jaxb-runtime-4.0.5.jar:/Users/jaylee/.m2/repository/org/glassfish/jaxb/jaxb-core/4.0.5/jaxb-core-4.0.5.jar:/Users/jaylee/.m2/repository/org/eclipse/angus/angus-activation/2.0.2/angus-activation-2.0.2.jar:/Users/jaylee/.m2/repository/org/glassfish/jaxb/txw2/4.0.5/txw2-4.0.5.jar:/Users/jaylee/.m2/repository/com/sun/istack/istack-commons-runtime/4.1.2/istack-commons-runtime-4.1.2.jar:/Users/jaylee/.m2/repository/jakarta/inject/jakarta.inject-api/2.0.1/jakarta.inject-api-2.0.1.jar:/Users/jaylee/.m2/repository/org/antlr/antlr4-runtime/4.13.0/antlr4-runtime-4.13.0.jar:/Users/jaylee/.m2/repository/org/springframework/data/spring-data-jpa/3.2.11/spring-data-jpa-3.2.11.jar:/Users/jaylee/.m2/repository/org/springframework/data/spring-data-commons/3.2.11/spring-data-commons-3.2.11.jar:/Users/jaylee/.m2/repository/org/springframework/spring-orm/6.1.14/spring-orm-6.1.14.jar:/Users/jaylee/.m2/repository/org/springframework/spring-context/6.1.14/spring-context-6.1.14.jar:/Users/jaylee/.m2/repository/org/springframework/spring-tx/6.1.14/spring-tx-6.1.14.jar:/Users/jaylee/.m2/repository/org/springframework/spring-beans/6.1.14/spring-beans-6.1.14.jar:/Users/jaylee/.m2/repository/org/slf4j/slf4j-api/2.0.16/slf4j-api-2.0.16.jar:/Users/jaylee/.m2/repository/org/springframework/spring-aspects/6.1.14/spring-aspects-6.1.14.jar:/Users/jaylee/.m2/repository/org/springframework/boot/spring-boot-starter-test/3.2.11/spring-boot-starter-test-3.2.11.jar:/Users/jaylee/.m2/repository/org/springframework/boot/spring-boot-test/3.2.11/spring-boot-test-3.2.11.jar:/Users/jaylee/.m2/repository/org/springframework/boot/spring-boot-test-autoconfigure/3.2.11/spring-boot-test-autoconfigure-3.2.11.jar:/Users/jaylee/.m2/repository/com/jayway/jsonpath/json-path/2.9.0/json-path-2.9.0.jar:/Users/jaylee/.m2/repository/jakarta/xml/bind/jakarta.xml.bind-api/4.0.2/jakarta.xml.bind-api-4.0.2.jar:/Users/jaylee/.m2/repository/jakarta/activation/jakarta.activation-api/2.1.3/jakarta.activation-api-2.1.3.jar:/Users/jaylee/.m2/repository/net/minidev/json-smart/2.5.1/json-smart-2.5.1.jar:/Users/jaylee/.m2/repository/net/minidev/accessors-smart/2.5.1/accessors-smart-2.5.1.jar:/Users/jaylee/.m2/repository/org/ow2/asm/asm/9.6/asm-9.6.jar:/Users/jaylee/.m2/repository/org/awaitility/awaitility/4.2.2/awaitility-4.2.2.jar:/Users/jaylee/.m2/repository/org/hamcrest/hamcrest/2.2/hamcrest-2.2.jar:/Users/jaylee/.m2/repository/org/junit/jupiter/junit-jupiter/5.10.5/junit-jupiter-5.10.5.jar:/Users/jaylee/.m2/repository/org/junit/jupiter/junit-jupiter-params/5.10.5/junit-jupiter-params-5.10.5.jar:/Users/jaylee/.m2/repository/org/mockito/mockito-core/5.7.0/mockito-core-5.7.0.jar:/Users/jaylee/.m2/repository/net/bytebuddy/byte-buddy-agent/1.14.19/byte-buddy-agent-1.14.19.jar:/Users/jaylee/.m2/repository/org/objenesis/objenesis/3.3/objenesis-3.3.jar:/Users/jaylee/.m2/repository/org/mockito/mockito-junit-jupiter/5.7.0/mockito-junit-jupiter-5.7.0.jar:/Users/jaylee/.m2/repository/org/skyscreamer/jsonassert/1.5.3/jsonassert-1.5.3.jar:/Users/jaylee/.m2/repository/com/vaadin/external/google/android-json/0.0.20131108.vaadin1/android-json-0.0.20131108.vaadin1.jar:/Users/jaylee/.m2/repository/org/springframework/spring-core/6.1.14/spring-core-6.1.14.jar:/Users/jaylee/.m2/repository/org/springframework/spring-jcl/6.1.14/spring-jcl-6.1.14.jar:/Users/jaylee/.m2/repository/org/springframework/spring-test/6.1.14/spring-test-6.1.14.jar:/Users/jaylee/.m2/repository/org/xmlunit/xmlunit-core/2.9.1/xmlunit-core-2.9.1.jar:/Users/jaylee/.m2/repository/org/springframework/boot/spring-boot-starter-web/3.2.11/spring-boot-starter-web-3.2.11.jar:/Users/jaylee/.m2/repository/org/springframework/boot/spring-boot-starter-json/3.2.11/spring-boot-starter-json-3.2.11.jar:/Users/jaylee/.m2/repository/com/fasterxml/jackson/datatype/jackson-datatype-jdk8/2.15.4/jackson-datatype-jdk8-2.15.4.jar:/Users/jaylee/.m2/repository/com/fasterxml/jackson/module/jackson-module-parameter-names/2.15.4/jackson-module-parameter-names-2.15.4.jar:/Users/jaylee/.m2/repository/org/springframework/boot/spring-boot-starter-tomcat/3.2.11/spring-boot-starter-tomcat-3.2.11.jar:/Users/jaylee/.m2/repository/org/apache/tomcat/embed/tomcat-embed-core/10.1.31/tomcat-embed-core-10.1.31.jar:/Users/jaylee/.m2/repository/org/apache/tomcat/embed/tomcat-embed-el/10.1.31/tomcat-embed-el-10.1.31.jar:/Users/jaylee/.m2/repository/org/apache/tomcat/embed/tomcat-embed-websocket/10.1.31/tomcat-embed-websocket-10.1.31.jar:/Users/jaylee/.m2/repository/org/springframework/spring-web/6.1.14/spring-web-6.1.14.jar:/Users/jaylee/.m2/repository/org/springframework/spring-webmvc/6.1.14/spring-webmvc-6.1.14.jar:/Users/jaylee/.m2/repository/org/springframework/spring-expression/6.1.14/spring-expression-6.1.14.jar:/Users/jaylee/.m2/repository/org/springframework/cloud/spring-cloud-starter-bootstrap/4.1.4/spring-cloud-starter-bootstrap-4.1.4.jar:/Users/jaylee/.m2/repository/org/springframework/cloud/spring-cloud-starter/4.1.4/spring-cloud-starter-4.1.4.jar:/Users/jaylee/.m2/repository/org/springframework/cloud/spring-cloud-context/4.1.4/spring-cloud-context-4.1.4.jar:/Users/jaylee/.m2/repository/org/springframework/security/spring-security-crypto/6.2.7/spring-security-crypto-6.2.7.jar:/Users/jaylee/.m2/repository/org/springframework/cloud/spring-cloud-commons/4.1.4/spring-cloud-commons-4.1.4.jar:/Users/jaylee/.m2/repository/org/springframework/security/spring-security-rsa/1.1.3/spring-security-rsa-1.1.3.jar:/Users/jaylee/.m2/repository/org/bouncycastle/bcprov-jdk18on/1.78/bcprov-jdk18on-1.78.jar:/Users/jaylee/.m2/repository/org/springframework/cloud/spring-cloud-starter-config/4.1.3/spring-cloud-starter-config-4.1.3.jar:/Users/jaylee/.m2/repository/org/springframework/cloud/spring-cloud-config-client/4.1.3/spring-cloud-config-client-4.1.3.jar:/Users/jaylee/.m2/repository/com/fasterxml/jackson/core/jackson-annotations/2.15.4/jackson-annotations-2.15.4.jar:/Users/jaylee/.m2/repository/org/apache/httpcomponents/client5/httpclient5/5.2.3/httpclient5-5.2.3.jar:/Users/jaylee/.m2/repository/org/apache/httpcomponents/core5/httpcore5/5.2.5/httpcore5-5.2.5.jar:/Users/jaylee/.m2/repository/org/apache/httpcomponents/core5/httpcore5-h2/5.2.5/httpcore5-h2-5.2.5.jar:/Users/jaylee/.m2/repository/com/fasterxml/jackson/core/jackson-databind/2.15.4/jackson-databind-2.15.4.jar:/Users/jaylee/.m2/repository/com/fasterxml/jackson/core/jackson-core/2.15.4/jackson-core-2.15.4.jar:/Users/jaylee/.m2/repository/org/springframework/cloud/spring-cloud-starter-netflix-eureka-client/4.1.3/spring-cloud-starter-netflix-eureka-client-4.1.3.jar:/Users/jaylee/.m2/repository/org/springframework/cloud/spring-cloud-netflix-eureka-client/4.1.3/spring-cloud-netflix-eureka-client-4.1.3.jar:/Users/jaylee/.m2/repository/com/netflix/eureka/eureka-client/2.0.3/eureka-client-2.0.3.jar:/Users/jaylee/.m2/repository/com/thoughtworks/xstream/xstream/1.4.20/xstream-1.4.20.jar:/Users/jaylee/.m2/repository/io/github/x-stream/mxparser/1.2.2/mxparser-1.2.2.jar:/Users/jaylee/.m2/repository/xmlpull/xmlpull/1.1.3.1/xmlpull-1.1.3.1.jar:/Users/jaylee/.m2/repository/jakarta/ws/rs/jakarta.ws.rs-api/3.1.0/jakarta.ws.rs-api-3.1.0.jar:/Users/jaylee/.m2/repository/com/netflix/spectator/spectator-api/1.7.3/spectator-api-1.7.3.jar:/Users/jaylee/.m2/repository/org/apache/httpcomponents/httpclient/4.5.3/httpclient-4.5.3.jar:/Users/jaylee/.m2/repository/org/apache/httpcomponents/httpcore/4.4.16/httpcore-4.4.16.jar:/Users/jaylee/.m2/repository/commons-codec/commons-codec/1.16.1/commons-codec-1.16.1.jar:/Users/jaylee/.m2/repository/commons-configuration/commons-configuration/1.10/commons-configuration-1.10.jar:/Users/jaylee/.m2/repository/commons-lang/commons-lang/2.6/commons-lang-2.6.jar:/Users/jaylee/.m2/repository/com/netflix/netflix-commons/netflix-eventbus/0.3.0/netflix-eventbus-0.3.0.jar:/Users/jaylee/.m2/repository/com/netflix/netflix-commons/netflix-infix/0.3.0/netflix-infix-0.3.0.jar:/Users/jaylee/.m2/repository/commons-jxpath/commons-jxpath/1.3/commons-jxpath-1.3.jar:/Users/jaylee/.m2/repository/joda-time/joda-time/2.3/joda-time-2.3.jar:/Users/jaylee/.m2/repository/org/antlr/antlr-runtime/3.4/antlr-runtime-3.4.jar:/Users/jaylee/.m2/repository/org/antlr/stringtemplate/3.2.1/stringtemplate-3.2.1.jar:/Users/jaylee/.m2/repository/antlr/antlr/2.7.7/antlr-2.7.7.jar:/Users/jaylee/.m2/repository/com/google/code/gson/gson/2.10.1/gson-2.10.1.jar:/Users/jaylee/.m2/repository/com/netflix/servo/servo-core/0.5.3/servo-core-0.5.3.jar:/Users/jaylee/.m2/repository/org/apache/commons/commons-math/2.2/commons-math-2.2.jar:/Users/jaylee/.m2/repository/javax/annotation/javax.annotation-api/1.2/javax.annotation-api-1.2.jar:/Users/jaylee/.m2/repository/org/codehaus/jettison/jettison/1.5.4/jettison-1.5.4.jar:/Users/jaylee/.m2/repository/com/netflix/eureka/eureka-core/2.0.3/eureka-core-2.0.3.jar:/Users/jaylee/.m2/repository/com/fasterxml/woodstox/woodstox-core/6.2.1/woodstox-core-6.2.1.jar:/Users/jaylee/.m2/repository/org/codehaus/woodstox/stax2-api/4.2.1/stax2-api-4.2.1.jar:/Users/jaylee/.m2/repository/com/google/guava/guava/33.0.0-jre/guava-33.0.0-jre.jar:/Users/jaylee/.m2/repository/com/google/guava/failureaccess/1.0.2/failureaccess-1.0.2.jar:/Users/jaylee/.m2/repository/com/google/guava/listenablefuture/9999.0-empty-to-avoid-conflict-with-guava/listenablefuture-9999.0-empty-to-avoid-conflict-with-guava.jar:/Users/jaylee/.m2/repository/org/checkerframework/checker-qual/3.41.0/checker-qual-3.41.0.jar:/Users/jaylee/.m2/repository/com/google/errorprone/error_prone_annotations/2.23.0/error_prone_annotations-2.23.0.jar:/Users/jaylee/.m2/repository/com/google/j2objc/j2objc-annotations/2.8/j2objc-annotations-2.8.jar:/Users/jaylee/.m2/repository/org/springframework/cloud/spring-cloud-starter-loadbalancer/4.1.4/spring-cloud-starter-loadbalancer-4.1.4.jar:/Users/jaylee/.m2/repository/org/springframework/cloud/spring-cloud-loadbalancer/4.1.4/spring-cloud-loadbalancer-4.1.4.jar:/Users/jaylee/.m2/repository/io/projectreactor/reactor-core/3.6.11/reactor-core-3.6.11.jar:/Users/jaylee/.m2/repository/org/reactivestreams/reactive-streams/1.0.4/reactive-streams-1.0.4.jar:/Users/jaylee/.m2/repository/io/projectreactor/addons/reactor-extra/3.5.2/reactor-extra-3.5.2.jar:/Users/jaylee/.m2/repository/org/springframework/boot/spring-boot-starter-cache/3.2.11/spring-boot-starter-cache-3.2.11.jar:/Users/jaylee/.m2/repository/org/springframework/spring-context-support/6.1.14/spring-context-support-6.1.14.jar:/Users/jaylee/.m2/repository/com/stoyanr/evictor/1.0.0/evictor-1.0.0.jar:/Users/jaylee/.m2/repository/com/azure/spring/spring-cloud-azure-starter-jdbc-mysql/5.18.0/spring-cloud-azure-starter-jdbc-mysql-5.18.0.jar:/Users/jaylee/.m2/repository/com/azure/spring/spring-cloud-azure-starter/5.18.0/spring-cloud-azure-starter-5.18.0.jar:/Users/jaylee/.m2/repository/com/azure/spring/spring-cloud-azure-autoconfigure/5.18.0/spring-cloud-azure-autoconfigure-5.18.0.jar:/Users/jaylee/.m2/repository/com/azure/spring/spring-cloud-azure-service/5.18.0/spring-cloud-azure-service-5.18.0.jar:/Users/jaylee/.m2/repository/com/azure/spring/spring-cloud-azure-core/5.18.0/spring-cloud-azure-core-5.18.0.jar:/Users/jaylee/.m2/repository/com/azure/azure-core-amqp/2.9.10/azure-core-amqp-2.9.10.jar:/Users/jaylee/.m2/repository/com/microsoft/azure/qpid-proton-j-extensions/1.2.5/qpid-proton-j-extensions-1.2.5.jar:/Users/jaylee/.m2/repository/org/apache/qpid/proton-j/0.34.1/proton-j-0.34.1.jar:/Users/jaylee/.m2/repository/com/azure/azure-core-management/1.15.4/azure-core-management-1.15.4.jar:/Users/jaylee/.m2/repository/jakarta/validation/jakarta.validation-api/3.0.2/jakarta.validation-api-3.0.2.jar:/Users/jaylee/.m2/repository/com/azure/azure-identity-extensions/1.1.21/azure-identity-extensions-1.1.21.jar:/Users/jaylee/.m2/repository/com/azure/azure-identity/1.14.0/azure-identity-1.14.0.jar:/Users/jaylee/.m2/repository/com/azure/azure-core/1.53.0/azure-core-1.53.0.jar:/Users/jaylee/.m2/repository/com/azure/azure-xml/1.1.0/azure-xml-1.1.0.jar:/Users/jaylee/.m2/repository/com/azure/azure-core-http-netty/1.15.5/azure-core-http-netty-1.15.5.jar:/Users/jaylee/.m2/repository/io/netty/netty-handler/4.1.114.Final/netty-handler-4.1.114.Final.jar:/Users/jaylee/.m2/repository/io/netty/netty-resolver/4.1.114.Final/netty-resolver-4.1.114.Final.jar:/Users/jaylee/.m2/repository/io/netty/netty-transport/4.1.114.Final/netty-transport-4.1.114.Final.jar:/Users/jaylee/.m2/repository/io/netty/netty-handler-proxy/4.1.114.Final/netty-handler-proxy-4.1.114.Final.jar:/Users/jaylee/.m2/repository/io/netty/netty-codec-socks/4.1.114.Final/netty-codec-socks-4.1.114.Final.jar:/Users/jaylee/.m2/repository/io/netty/netty-buffer/4.1.114.Final/netty-buffer-4.1.114.Final.jar:/Users/jaylee/.m2/repository/io/netty/netty-codec/4.1.114.Final/netty-codec-4.1.114.Final.jar:/Users/jaylee/.m2/repository/io/netty/netty-codec-http/4.1.114.Final/netty-codec-http-4.1.114.Final.jar:/Users/jaylee/.m2/repository/io/netty/netty-codec-http2/4.1.114.Final/netty-codec-http2-4.1.114.Final.jar:/Users/jaylee/.m2/repository/io/netty/netty-transport-native-unix-common/4.1.114.Final/netty-transport-native-unix-common-4.1.114.Final.jar:/Users/jaylee/.m2/repository/io/netty/netty-transport-native-epoll/4.1.114.Final/netty-transport-native-epoll-4.1.114.Final-linux-x86_64.jar:/Users/jaylee/.m2/repository/io/netty/netty-transport-classes-epoll/4.1.114.Final/netty-transport-classes-epoll-4.1.114.Final.jar:/Users/jaylee/.m2/repository/io/netty/netty-transport-native-kqueue/4.1.114.Final/netty-transport-native-kqueue-4.1.114.Final-osx-x86_64.jar:/Users/jaylee/.m2/repository/io/netty/netty-transport-classes-kqueue/4.1.114.Final/netty-transport-classes-kqueue-4.1.114.Final.jar:/Users/jaylee/.m2/repository/io/netty/netty-tcnative-boringssl-static/2.0.66.Final/netty-tcnative-boringssl-static-2.0.66.Final.jar:/Users/jaylee/.m2/repository/io/netty/netty-tcnative-classes/2.0.66.Final/netty-tcnative-classes-2.0.66.Final.jar:/Users/jaylee/.m2/repository/io/netty/netty-tcnative-boringssl-static/2.0.66.Final/netty-tcnative-boringssl-static-2.0.66.Final-linux-x86_64.jar:/Users/jaylee/.m2/repository/io/netty/netty-tcnative-boringssl-static/2.0.66.Final/netty-tcnative-boringssl-static-2.0.66.Final-linux-aarch_64.jar:/Users/jaylee/.m2/repository/io/netty/netty-tcnative-boringssl-static/2.0.66.Final/netty-tcnative-boringssl-static-2.0.66.Final-osx-x86_64.jar:/Users/jaylee/.m2/repository/io/netty/netty-tcnative-boringssl-static/2.0.66.Final/netty-tcnative-boringssl-static-2.0.66.Final-osx-aarch_64.jar:/Users/jaylee/.m2/repository/io/netty/netty-tcnative-boringssl-static/2.0.66.Final/netty-tcnative-boringssl-static-2.0.66.Final-windows-x86_64.jar:/Users/jaylee/.m2/repository/io/projectreactor/netty/reactor-netty-http/1.1.23/reactor-netty-http-1.1.23.jar:/Users/jaylee/.m2/repository/io/netty/netty-resolver-dns/4.1.114.Final/netty-resolver-dns-4.1.114.Final.jar:/Users/jaylee/.m2/repository/io/netty/netty-codec-dns/4.1.114.Final/netty-codec-dns-4.1.114.Final.jar:/Users/jaylee/.m2/repository/io/netty/netty-resolver-dns-native-macos/4.1.114.Final/netty-resolver-dns-native-macos-4.1.114.Final-osx-x86_64.jar:/Users/jaylee/.m2/repository/io/netty/netty-resolver-dns-classes-macos/4.1.114.Final/netty-resolver-dns-classes-macos-4.1.114.Final.jar:/Users/jaylee/.m2/repository/io/projectreactor/netty/reactor-netty-core/1.1.23/reactor-netty-core-1.1.23.jar:/Users/jaylee/.m2/repository/io/netty/netty-common/4.1.114.Final/netty-common-4.1.114.Final.jar:/Users/jaylee/.m2/repository/com/azure/azure-json/1.3.0/azure-json-1.3.0.jar:/Users/jaylee/.m2/repository/com/microsoft/azure/msal4j/1.17.2/msal4j-1.17.2.jar:/Users/jaylee/.m2/repository/com/nimbusds/oauth2-oidc-sdk/11.18/oauth2-oidc-sdk-11.18.jar:/Users/jaylee/.m2/repository/com/github/stephenc/jcip/jcip-annotations/1.0-1/jcip-annotations-1.0-1.jar:/Users/jaylee/.m2/repository/com/nimbusds/content-type/2.3/content-type-2.3.jar:/Users/jaylee/.m2/repository/com/nimbusds/lang-tag/1.7/lang-tag-1.7.jar:/Users/jaylee/.m2/repository/com/nimbusds/nimbus-jose-jwt/9.40/nimbus-jose-jwt-9.40.jar:/Users/jaylee/.m2/repository/com/microsoft/azure/msal4j-persistence-extension/1.3.0/msal4j-persistence-extension-1.3.0.jar:/Users/jaylee/.m2/repository/net/java/dev/jna/jna/5.13.0/jna-5.13.0.jar:/Users/jaylee/.m2/repository/net/java/dev/jna/jna-platform/5.6.0/jna-platform-5.6.0.jar:/Users/jaylee/.m2/repository/com/mysql/mysql-connector-j/8.3.0/mysql-connector-j-8.3.0.jar:/Users/jaylee/.m2/repository/org/hsqldb/hsqldb/2.7.3/hsqldb-2.7.3.jar:/Users/jaylee/.m2/repository/org/jolokia/jolokia-core/1.7.1/jolokia-core-1.7.1.jar:/Users/jaylee/.m2/repository/com/googlecode/json-simple/json-simple/1.1.1/json-simple-1.1.1.jar:/Users/jaylee/.m2/repository/org/projectlombok/lombok/1.18.34/lombok-1.18.34.jar:/Users/jaylee/.m2/repository/io/micrometer/micrometer-registry-prometheus/1.12.11/micrometer-registry-prometheus-1.12.11.jar:/Users/jaylee/.m2/repository/io/micrometer/micrometer-core/1.12.11/micrometer-core-1.12.11.jar:/Users/jaylee/.m2/repository/org/hdrhistogram/HdrHistogram/2.1.12/HdrHistogram-2.1.12.jar:/Users/jaylee/.m2/repository/org/latencyutils/LatencyUtils/2.0.3/LatencyUtils-2.0.3.jar:/Users/jaylee/.m2/repository/io/prometheus/simpleclient_common/0.16.0/simpleclient_common-0.16.0.jar:/Users/jaylee/.m2/repository/io/prometheus/simpleclient/0.16.0/simpleclient-0.16.0.jar:/Users/jaylee/.m2/repository/io/prometheus/simpleclient_tracer_otel/0.16.0/simpleclient_tracer_otel-0.16.0.jar:/Users/jaylee/.m2/repository/io/prometheus/simpleclient_tracer_common/0.16.0/simpleclient_tracer_common-0.16.0.jar:/Users/jaylee/.m2/repository/io/prometheus/simpleclient_tracer_otel_agent/0.16.0/simpleclient_tracer_otel_agent-0.16.0.jar:/Users/jaylee/.m2/repository/de/codecentric/chaos-monkey-spring-boot/2.3.10/chaos-monkey-spring-boot-2.3.10.jar:/Users/jaylee/.m2/repository/org/springframework/spring-instrument/6.1.14/spring-instrument-6.1.14.jar:/Users/jaylee/.m2/repository/org/aspectj/aspectjweaver/1.9.22.1/aspectjweaver-1.9.22.1.jar:/Users/jaylee/.m2/repository/org/springframework/boot/spring-boot-starter-validation/3.2.11/spring-boot-starter-validation-3.2.11.jar:/Users/jaylee/.m2/repository/org/hibernate/validator/hibernate-validator/8.0.1.Final/hibernate-validator-8.0.1.Final.jar:/Users/jaylee/.m2/repository/org/springframework/boot/spring-boot-configuration-processor/3.2.11/spring-boot-configuration-processor-3.2.11.jar:/Users/jaylee/.m2/repository/org/junit/jupiter/junit-jupiter-api/5.10.5/junit-jupiter-api-5.10.5.jar:/Users/jaylee/.m2/repository/org/opentest4j/opentest4j/1.3.0/opentest4j-1.3.0.jar:/Users/jaylee/.m2/repository/org/junit/platform/junit-platform-commons/1.10.5/junit-platform-commons-1.10.5.jar:/Users/jaylee/.m2/repository/org/apiguardian/apiguardian-api/1.1.2/apiguardian-api-1.1.2.jar:/Users/jaylee/.m2/repository/org/junit/jupiter/junit-jupiter-engine/5.10.5/junit-jupiter-engine-5.10.5.jar:/Users/jaylee/.m2/repository/org/junit/platform/junit-platform-engine/1.10.5/junit-platform-engine-1.10.5.jar:/Users/jaylee/.m2/repository/org/assertj/assertj-core/3.26.3/assertj-core-3.26.3.jar:/Users/jaylee/.m2/repository/net/bytebuddy/byte-buddy/1.14.19/byte-buddy-1.14.19.jar:"/>
    <property name="sun.cpu.endian" value="little"/>
    <property name="user.home" value="/Users/jaylee"/>
    <property name="user.language" value="en"/>
    <property name="git.closest.tag.commit.count" value=""/>
    <property name="java.specification.vendor" value="Oracle Corporation"/>
    <property name="java.version.date" value="2024-04-16"/>
    <property name="java.home" value="/Users/jaylee/.sdkman/candidates/java/17.0.11-ms"/>
    <property name="git.total.commit.count" value="797"/>
    <property name="file.separator" value="/"/>
    <property name="basedir" value="/Users/jaylee/Develop/git/spring-petclinic-microservices/spring-petclinic-customers-service"/>
    <property name="java.vm.compressedOopsMode" value="Zero based"/>
    <property name="line.separator" value="&#10;"/>
    <property name="git.build.user.email" value="eggboy@gmail.com"/>
    <property name="git.commit.committer.time" value="2024-01-24T15:51:49+0800"/>
    <property name="java.specification.name" value="Java Platform API Specification"/>
    <property name="java.vm.specification.vendor" value="Oracle Corporation"/>
    <property name="FILE_LOG_CHARSET" value="UTF-8"/>
    <property name="java.awt.headless" value="true"/>
    <property name="git.closest.tag.name" value=""/>
    <property name="git.local.branch.ahead" value="0"/>
    <property name="git.build.time" value="2024-11-12T15:35:54+0800"/>
    <property name="surefire.real.class.path" value="/Users/jaylee/Develop/git/spring-petclinic-microservices/spring-petclinic-customers-service/target/surefire/surefirebooter-20241112153600011_3.jar"/>
    <property name="git.commit.message.full" value="Update ARM template to use the frontend app and Tanzu components on ASAE (#71)&#10;&#10;* Use scg and frontend in arm template"/>
    <property name="sun.management.compiler" value="HotSpot 64-Bit Tiered Compilers"/>
    <property name="java.runtime.version" value="17.0.11+9-LTS"/>
    <property name="user.name" value="jaylee"/>
    <property name="path.separator" value=":"/>
    <property name="os.version" value="14.7.1"/>
    <property name="java.runtime.name" value="OpenJDK Runtime Environment"/>
    <property name="file.encoding" value="UTF-8"/>
    <property name="git.commit.user.email" value="v-shilichen@microsoft.com"/>
    <property name="java.vm.name" value="OpenJDK 64-Bit Server VM"/>
    <property name="java.vendor.version" value="Microsoft-9388408"/>
    <property name="git.local.branch.behind" value="0"/>
    <property name="git.dirty" value="true"/>
    <property name="localRepository" value="/Users/jaylee/.m2/repository"/>
    <property name="java.vendor.url.bug" value="https://github.com/microsoft/openjdk/issues"/>
    <property name="java.io.tmpdir" value="/var/folders/5c/9n2rzgmx5y3fd7rw70srmz800000gn/T/"/>
    <property name="java.version" value="17.0.11"/>
    <property name="user.dir" value="/Users/jaylee/Develop/git/spring-petclinic-microservices/spring-petclinic-customers-service"/>
    <property name="os.arch" value="aarch64"/>
    <property name="git.commit.user.name" value="Moary Chen"/>
    <property name="git.commit.id.abbrev" value="b71a50b"/>
    <property name="java.vm.specification.name" value="Java Virtual Machine Specification"/>
    <property name="PID" value="48593"/>
    <property name="git.commit.id.describe-short" value="b71a50b-dirty"/>
    <property name="CONSOLE_LOG_CHARSET" value="UTF-8"/>
    <property name="git.commit.id.describe" value="b71a50b-dirty"/>
    <property name="native.encoding" value="UTF-8"/>
    <property name="java.library.path" value="/Users/jaylee/Library/Java/Extensions:/Library/Java/Extensions:/Network/Library/Java/Extensions:/System/Library/Java/Extensions:/usr/lib/java:."/>
    <property name="git.commit.message.short" value="Update ARM template to use the frontend app and Tanzu components on ASAE (#71)"/>
    <property name="java.vm.info" value="mixed mode, sharing"/>
    <property name="java.vendor" value="Microsoft"/>
    <property name="java.vm.version" value="17.0.11+9-LTS"/>
    <property name="sun.io.unicode.encoding" value="UnicodeBig"/>
    <property name="java.class.version" value="61.0"/>
    <property name="git.commit.time" value="2024-01-24T15:51:49+0800"/>
    <property name="LOGGED_APPLICATION_NAME" value="[customers-service] "/>
    <property name="git.remote.origin.url" value="https://github.com/Azure-Samples/spring-petclinic-microservices.git"/>
  </properties>
  <testcase name="shouldGetAPetInJSonFormat" classname="org.springframework.samples.petclinic.customers.web.PetResourceTest" time="0.08">
    <system-out><![CDATA[15:36:00.764 [main] INFO org.springframework.test.context.support.AnnotationConfigContextLoaderUtils -- Could not detect default configuration classes for test class [org.springframework.samples.petclinic.customers.web.PetResourceTest]: PetResourceTest does not declare any static, non-private, non-final, nested classes annotated with @Configuration.
15:36:00.845 [main] INFO org.springframework.boot.test.context.SpringBootTestContextBootstrapper -- Found @SpringBootConfiguration org.springframework.samples.petclinic.customers.CustomersServiceApplication for test class org.springframework.samples.petclinic.customers.web.PetResourceTest
15:36:01,065 |-INFO in ch.qos.logback.core.joran.util.ConfigurationWatchListUtil@31e72cbc - Adding [jar:file:/Users/jaylee/.m2/repository/org/springframework/boot/spring-boot/3.2.11/spring-boot-3.2.11.jar!/org/springframework/boot/logging/logback/base.xml] to configuration watch list.
15:36:01,065 |-INFO in ch.qos.logback.core.joran.spi.ConfigurationWatchList@5fad41be - URL [jar:file:/Users/jaylee/.m2/repository/org/springframework/boot/spring-boot/3.2.11/spring-boot-3.2.11.jar!/org/springframework/boot/logging/logback/base.xml] is not of type file
15:36:01,066 |-INFO in ch.qos.logback.core.joran.util.ConfigurationWatchListUtil@31e72cbc - Adding [jar:file:/Users/jaylee/.m2/repository/org/springframework/boot/spring-boot/3.2.11/spring-boot-3.2.11.jar!/org/springframework/boot/logging/logback/defaults.xml] to configuration watch list.
15:36:01,066 |-INFO in ch.qos.logback.core.joran.spi.ConfigurationWatchList@5fad41be - URL [jar:file:/Users/jaylee/.m2/repository/org/springframework/boot/spring-boot/3.2.11/spring-boot-3.2.11.jar!/org/springframework/boot/logging/logback/defaults.xml] is not of type file
15:36:01,067 |-INFO in ch.qos.logback.core.joran.action.ConversionRuleAction - registering conversion word applicationName with class [org.springframework.boot.logging.logback.ApplicationNameConverter]
15:36:01,067 |-INFO in ch.qos.logback.core.joran.action.ConversionRuleAction - registering conversion word clr with class [org.springframework.boot.logging.logback.ColorConverter]
15:36:01,067 |-INFO in ch.qos.logback.core.joran.action.ConversionRuleAction - registering conversion word correlationId with class [org.springframework.boot.logging.logback.CorrelationIdConverter]
15:36:01,067 |-INFO in ch.qos.logback.core.joran.action.ConversionRuleAction - registering conversion word wex with class [org.springframework.boot.logging.logback.WhitespaceThrowableProxyConverter]
15:36:01,067 |-INFO in ch.qos.logback.core.joran.action.ConversionRuleAction - registering conversion word wEx with class [org.springframework.boot.logging.logback.ExtendedWhitespaceThrowableProxyConverter]
15:36:01,068 |-INFO in ch.qos.logback.core.joran.util.ConfigurationWatchListUtil@31e72cbc - Adding [jar:file:/Users/jaylee/.m2/repository/org/springframework/boot/spring-boot/3.2.11/spring-boot-3.2.11.jar!/org/springframework/boot/logging/logback/console-appender.xml] to configuration watch list.
15:36:01,068 |-INFO in ch.qos.logback.core.joran.spi.ConfigurationWatchList@5fad41be - URL [jar:file:/Users/jaylee/.m2/repository/org/springframework/boot/spring-boot/3.2.11/spring-boot-3.2.11.jar!/org/springframework/boot/logging/logback/console-appender.xml] is not of type file
15:36:01,069 |-INFO in ch.qos.logback.core.joran.util.ConfigurationWatchListUtil@31e72cbc - Adding [jar:file:/Users/jaylee/.m2/repository/org/springframework/boot/spring-boot/3.2.11/spring-boot-3.2.11.jar!/org/springframework/boot/logging/logback/file-appender.xml] to configuration watch list.
15:36:01,069 |-INFO in ch.qos.logback.core.joran.spi.ConfigurationWatchList@5fad41be - URL [jar:file:/Users/jaylee/.m2/repository/org/springframework/boot/spring-boot/3.2.11/spring-boot-3.2.11.jar!/org/springframework/boot/logging/logback/file-appender.xml] is not of type file
15:36:01,084 |-WARN in ch.qos.logback.core.model.processor.ImplicitModelHandler - Ignoring unknown property [jmxConfigurator] in [ch.qos.logback.classic.LoggerContext]
15:36:01,084 |-INFO in ch.qos.logback.classic.model.processor.LoggerModelHandler - Setting level of logger [org.apache.catalina.startup.DigesterFactory] to ERROR
15:36:01,084 |-INFO in ch.qos.logback.classic.jul.LevelChangePropagator@6dcd5639 - Propagating ERROR level on Logger[org.apache.catalina.startup.DigesterFactory] onto the JUL framework
15:36:01,085 |-INFO in ch.qos.logback.classic.model.processor.LoggerModelHandler - Setting level of logger [org.apache.catalina.util.LifecycleBase] to ERROR
15:36:01,085 |-INFO in ch.qos.logback.classic.jul.LevelChangePropagator@6dcd5639 - Propagating ERROR level on Logger[org.apache.catalina.util.LifecycleBase] onto the JUL framework
15:36:01,085 |-INFO in ch.qos.logback.classic.model.processor.LoggerModelHandler - Setting level of logger [org.apache.coyote.http11.Http11NioProtocol] to WARN
15:36:01,085 |-INFO in ch.qos.logback.classic.jul.LevelChangePropagator@6dcd5639 - Propagating WARN level on Logger[org.apache.coyote.http11.Http11NioProtocol] onto the JUL framework
15:36:01,085 |-INFO in ch.qos.logback.classic.model.processor.LoggerModelHandler - Setting level of logger [org.apache.sshd.common.util.SecurityUtils] to WARN
15:36:01,085 |-INFO in ch.qos.logback.classic.jul.LevelChangePropagator@6dcd5639 - Propagating WARN level on Logger[org.apache.sshd.common.util.SecurityUtils] onto the JUL framework
15:36:01,085 |-INFO in ch.qos.logback.classic.model.processor.LoggerModelHandler - Setting level of logger [org.apache.tomcat.util.net.NioSelectorPool] to WARN
15:36:01,085 |-INFO in ch.qos.logback.classic.jul.LevelChangePropagator@6dcd5639 - Propagating WARN level on Logger[org.apache.tomcat.util.net.NioSelectorPool] onto the JUL framework
15:36:01,085 |-INFO in ch.qos.logback.classic.model.processor.LoggerModelHandler - Setting level of logger [org.eclipse.jetty.util.component.AbstractLifeCycle] to ERROR
15:36:01,085 |-INFO in ch.qos.logback.classic.jul.LevelChangePropagator@6dcd5639 - Propagating ERROR level on Logger[org.eclipse.jetty.util.component.AbstractLifeCycle] onto the JUL framework
15:36:01,085 |-INFO in ch.qos.logback.classic.model.processor.LoggerModelHandler - Setting level of logger [org.hibernate.validator.internal.util.Version] to WARN
15:36:01,085 |-INFO in ch.qos.logback.classic.jul.LevelChangePropagator@6dcd5639 - Propagating WARN level on Logger[org.hibernate.validator.internal.util.Version] onto the JUL framework
15:36:01,085 |-INFO in ch.qos.logback.classic.model.processor.LoggerModelHandler - Setting level of logger [org.springframework.boot.actuate.endpoint.jmx] to WARN
15:36:01,085 |-INFO in ch.qos.logback.classic.jul.LevelChangePropagator@6dcd5639 - Propagating WARN level on Logger[org.springframework.boot.actuate.endpoint.jmx] onto the JUL framework
15:36:01,085 |-INFO in ch.qos.logback.core.model.processor.AppenderModelHandler - Processing appender named [CONSOLE]
15:36:01,085 |-INFO in ch.qos.logback.core.model.processor.AppenderModelHandler - About to instantiate appender of type [ch.qos.logback.core.ConsoleAppender]
15:36:01,086 |-INFO in ch.qos.logback.core.model.processor.ImplicitModelHandler - Assuming default type [ch.qos.logback.classic.encoder.PatternLayoutEncoder] for [encoder] property
15:36:01,092 |-INFO in ch.qos.logback.core.model.processor.AppenderModelHandler - Processing appender named [FILE]
15:36:01,092 |-INFO in ch.qos.logback.core.model.processor.AppenderModelHandler - About to instantiate appender of type [ch.qos.logback.core.rolling.RollingFileAppender]
15:36:01,094 |-INFO in ch.qos.logback.core.model.processor.ImplicitModelHandler - Assuming default type [ch.qos.logback.classic.encoder.PatternLayoutEncoder] for [encoder] property
15:36:01,096 |-INFO in c.q.l.core.rolling.SizeAndTimeBasedRollingPolicy@993452032 - setting totalSizeCap to 0 Bytes
15:36:01,097 |-INFO in c.q.l.core.rolling.SizeAndTimeBasedRollingPolicy@993452032 - Archive files will be limited to [10 MB] each.
15:36:01,097 |-INFO in c.q.l.core.rolling.SizeAndTimeBasedRollingPolicy@993452032 - Will use gz compression
15:36:01,098 |-INFO in c.q.l.core.rolling.SizeAndTimeBasedRollingPolicy@993452032 - Will use the pattern /var/folders/5c/9n2rzgmx5y3fd7rw70srmz800000gn/T//spring.log.%d{yyyy-MM-dd}.%i for the active file
15:36:01,109 |-INFO in ch.qos.logback.core.rolling.SizeAndTimeBasedFNATP@333cb916 - The date pattern is 'yyyy-MM-dd' from file name pattern '/var/folders/5c/9n2rzgmx5y3fd7rw70srmz800000gn/T//spring.log.%d{yyyy-MM-dd}.%i.gz'.
15:36:01,109 |-INFO in ch.qos.logback.core.rolling.SizeAndTimeBasedFNATP@333cb916 - Roll-over at midnight.
15:36:01,112 |-INFO in ch.qos.logback.core.rolling.SizeAndTimeBasedFNATP@333cb916 - Setting initial period to 2024-11-12T07:04:02.492Z
15:36:01,115 |-INFO in ch.qos.logback.core.rolling.RollingFileAppender[FILE] - Active log file name: /var/folders/5c/9n2rzgmx5y3fd7rw70srmz800000gn/T//spring.log
15:36:01,115 |-INFO in ch.qos.logback.core.rolling.RollingFileAppender[FILE] - File property is set to [/var/folders/5c/9n2rzgmx5y3fd7rw70srmz800000gn/T//spring.log]
15:36:01,120 |-INFO in ch.qos.logback.classic.model.processor.RootLoggerModelHandler - Setting level of ROOT logger to INFO
15:36:01,120 |-INFO in ch.qos.logback.classic.jul.LevelChangePropagator@6dcd5639 - Propagating INFO level on Logger[ROOT] onto the JUL framework
15:36:01,120 |-INFO in ch.qos.logback.core.model.processor.AppenderRefModelHandler - Attaching appender named [CONSOLE] to Logger[ROOT]
15:36:01,120 |-INFO in ch.qos.logback.core.model.processor.AppenderRefModelHandler - Attaching appender named [FILE] to Logger[ROOT]
15:36:01,120 |-INFO in ch.qos.logback.core.model.processor.DefaultProcessor@629ae7e - End of configuration.
15:36:01,120 |-INFO in org.springframework.boot.logging.logback.SpringBootJoranConfigurator@1d25c1c - Registering current configuration as safe fallback point

15:36:01,477 |-INFO in ch.qos.logback.core.joran.util.ConfigurationWatchListUtil@31e72cbc - Adding [jar:file:/Users/jaylee/.m2/repository/org/springframework/boot/spring-boot/3.2.11/spring-boot-3.2.11.jar!/org/springframework/boot/logging/logback/base.xml] to configuration watch list.
15:36:01,477 |-INFO in ch.qos.logback.core.joran.spi.ConfigurationWatchList@4fdca00a - URL [jar:file:/Users/jaylee/.m2/repository/org/springframework/boot/spring-boot/3.2.11/spring-boot-3.2.11.jar!/org/springframework/boot/logging/logback/base.xml] is not of type file
15:36:01,478 |-INFO in ch.qos.logback.core.joran.util.ConfigurationWatchListUtil@31e72cbc - Adding [jar:file:/Users/jaylee/.m2/repository/org/springframework/boot/spring-boot/3.2.11/spring-boot-3.2.11.jar!/org/springframework/boot/logging/logback/defaults.xml] to configuration watch list.
15:36:01,478 |-INFO in ch.qos.logback.core.joran.spi.ConfigurationWatchList@4fdca00a - URL [jar:file:/Users/jaylee/.m2/repository/org/springframework/boot/spring-boot/3.2.11/spring-boot-3.2.11.jar!/org/springframework/boot/logging/logback/defaults.xml] is not of type file
15:36:01,479 |-INFO in ch.qos.logback.core.joran.action.ConversionRuleAction - registering conversion word applicationName with class [org.springframework.boot.logging.logback.ApplicationNameConverter]
15:36:01,479 |-INFO in ch.qos.logback.core.joran.action.ConversionRuleAction - registering conversion word clr with class [org.springframework.boot.logging.logback.ColorConverter]
15:36:01,479 |-INFO in ch.qos.logback.core.joran.action.ConversionRuleAction - registering conversion word correlationId with class [org.springframework.boot.logging.logback.CorrelationIdConverter]
15:36:01,479 |-INFO in ch.qos.logback.core.joran.action.ConversionRuleAction - registering conversion word wex with class [org.springframework.boot.logging.logback.WhitespaceThrowableProxyConverter]
15:36:01,479 |-INFO in ch.qos.logback.core.joran.action.ConversionRuleAction - registering conversion word wEx with class [org.springframework.boot.logging.logback.ExtendedWhitespaceThrowableProxyConverter]
15:36:01,479 |-INFO in ch.qos.logback.core.joran.util.ConfigurationWatchListUtil@31e72cbc - Adding [jar:file:/Users/jaylee/.m2/repository/org/springframework/boot/spring-boot/3.2.11/spring-boot-3.2.11.jar!/org/springframework/boot/logging/logback/console-appender.xml] to configuration watch list.
15:36:01,479 |-INFO in ch.qos.logback.core.joran.spi.ConfigurationWatchList@4fdca00a - URL [jar:file:/Users/jaylee/.m2/repository/org/springframework/boot/spring-boot/3.2.11/spring-boot-3.2.11.jar!/org/springframework/boot/logging/logback/console-appender.xml] is not of type file
15:36:01,480 |-INFO in ch.qos.logback.core.joran.util.ConfigurationWatchListUtil@31e72cbc - Adding [jar:file:/Users/jaylee/.m2/repository/org/springframework/boot/spring-boot/3.2.11/spring-boot-3.2.11.jar!/org/springframework/boot/logging/logback/file-appender.xml] to configuration watch list.
15:36:01,480 |-INFO in ch.qos.logback.core.joran.spi.ConfigurationWatchList@4fdca00a - URL [jar:file:/Users/jaylee/.m2/repository/org/springframework/boot/spring-boot/3.2.11/spring-boot-3.2.11.jar!/org/springframework/boot/logging/logback/file-appender.xml] is not of type file
15:36:01,482 |-WARN in ch.qos.logback.core.model.processor.ImplicitModelHandler - Ignoring unknown property [jmxConfigurator] in [ch.qos.logback.classic.LoggerContext]
15:36:01,482 |-INFO in ch.qos.logback.classic.model.processor.LoggerModelHandler - Setting level of logger [org.apache.catalina.startup.DigesterFactory] to ERROR
15:36:01,482 |-INFO in ch.qos.logback.classic.jul.LevelChangePropagator@513b52af - Propagating ERROR level on Logger[org.apache.catalina.startup.DigesterFactory] onto the JUL framework
15:36:01,482 |-INFO in ch.qos.logback.classic.model.processor.LoggerModelHandler - Setting level of logger [org.apache.catalina.util.LifecycleBase] to ERROR
15:36:01,482 |-INFO in ch.qos.logback.classic.jul.LevelChangePropagator@513b52af - Propagating ERROR level on Logger[org.apache.catalina.util.LifecycleBase] onto the JUL framework
15:36:01,482 |-INFO in ch.qos.logback.classic.model.processor.LoggerModelHandler - Setting level of logger [org.apache.coyote.http11.Http11NioProtocol] to WARN
15:36:01,482 |-INFO in ch.qos.logback.classic.jul.LevelChangePropagator@513b52af - Propagating WARN level on Logger[org.apache.coyote.http11.Http11NioProtocol] onto the JUL framework
15:36:01,482 |-INFO in ch.qos.logback.classic.model.processor.LoggerModelHandler - Setting level of logger [org.apache.sshd.common.util.SecurityUtils] to WARN
15:36:01,482 |-INFO in ch.qos.logback.classic.jul.LevelChangePropagator@513b52af - Propagating WARN level on Logger[org.apache.sshd.common.util.SecurityUtils] onto the JUL framework
15:36:01,482 |-INFO in ch.qos.logback.classic.model.processor.LoggerModelHandler - Setting level of logger [org.apache.tomcat.util.net.NioSelectorPool] to WARN
15:36:01,482 |-INFO in ch.qos.logback.classic.jul.LevelChangePropagator@513b52af - Propagating WARN level on Logger[org.apache.tomcat.util.net.NioSelectorPool] onto the JUL framework
15:36:01,482 |-INFO in ch.qos.logback.classic.model.processor.LoggerModelHandler - Setting level of logger [org.eclipse.jetty.util.component.AbstractLifeCycle] to ERROR
15:36:01,482 |-INFO in ch.qos.logback.classic.jul.LevelChangePropagator@513b52af - Propagating ERROR level on Logger[org.eclipse.jetty.util.component.AbstractLifeCycle] onto the JUL framework
15:36:01,482 |-INFO in ch.qos.logback.classic.model.processor.LoggerModelHandler - Setting level of logger [org.hibernate.validator.internal.util.Version] to WARN
15:36:01,482 |-INFO in ch.qos.logback.classic.jul.LevelChangePropagator@513b52af - Propagating WARN level on Logger[org.hibernate.validator.internal.util.Version] onto the JUL framework
15:36:01,482 |-INFO in ch.qos.logback.classic.model.processor.LoggerModelHandler - Setting level of logger [org.springframework.boot.actuate.endpoint.jmx] to WARN
15:36:01,482 |-INFO in ch.qos.logback.classic.jul.LevelChangePropagator@513b52af - Propagating WARN level on Logger[org.springframework.boot.actuate.endpoint.jmx] onto the JUL framework
15:36:01,482 |-INFO in ch.qos.logback.core.model.processor.AppenderModelHandler - Processing appender named [CONSOLE]
15:36:01,482 |-INFO in ch.qos.logback.core.model.processor.AppenderModelHandler - About to instantiate appender of type [ch.qos.logback.core.ConsoleAppender]
15:36:01,482 |-INFO in ch.qos.logback.core.model.processor.ImplicitModelHandler - Assuming default type [ch.qos.logback.classic.encoder.PatternLayoutEncoder] for [encoder] property
15:36:01,483 |-INFO in ch.qos.logback.core.model.processor.AppenderModelHandler - Processing appender named [FILE]
15:36:01,483 |-INFO in ch.qos.logback.core.model.processor.AppenderModelHandler - About to instantiate appender of type [ch.qos.logback.core.rolling.RollingFileAppender]
15:36:01,483 |-INFO in ch.qos.logback.core.model.processor.ImplicitModelHandler - Assuming default type [ch.qos.logback.classic.encoder.PatternLayoutEncoder] for [encoder] property
15:36:01,483 |-INFO in c.q.l.core.rolling.SizeAndTimeBasedRollingPolicy@5934227 - setting totalSizeCap to 0 Bytes
15:36:01,483 |-INFO in c.q.l.core.rolling.SizeAndTimeBasedRollingPolicy@5934227 - Archive files will be limited to [10 MB] each.
15:36:01,483 |-INFO in c.q.l.core.rolling.SizeAndTimeBasedRollingPolicy@5934227 - Will use gz compression
15:36:01,483 |-INFO in c.q.l.core.rolling.SizeAndTimeBasedRollingPolicy@5934227 - Will use the pattern /var/folders/5c/9n2rzgmx5y3fd7rw70srmz800000gn/T//spring.log.%d{yyyy-MM-dd}.%i for the active file
15:36:01,484 |-INFO in ch.qos.logback.core.rolling.SizeAndTimeBasedFNATP@3bed3315 - The date pattern is 'yyyy-MM-dd' from file name pattern '/var/folders/5c/9n2rzgmx5y3fd7rw70srmz800000gn/T//spring.log.%d{yyyy-MM-dd}.%i.gz'.
15:36:01,484 |-INFO in ch.qos.logback.core.rolling.SizeAndTimeBasedFNATP@3bed3315 - Roll-over at midnight.
15:36:01,484 |-INFO in ch.qos.logback.core.rolling.SizeAndTimeBasedFNATP@3bed3315 - Setting initial period to 2024-11-12T07:04:02.492Z
15:36:01,485 |-INFO in ch.qos.logback.core.rolling.RollingFileAppender[FILE] - Active log file name: /var/folders/5c/9n2rzgmx5y3fd7rw70srmz800000gn/T//spring.log
15:36:01,485 |-INFO in ch.qos.logback.core.rolling.RollingFileAppender[FILE] - File property is set to [/var/folders/5c/9n2rzgmx5y3fd7rw70srmz800000gn/T//spring.log]
15:36:01,485 |-INFO in ch.qos.logback.classic.model.processor.RootLoggerModelHandler - Setting level of ROOT logger to INFO
15:36:01,485 |-INFO in ch.qos.logback.classic.jul.LevelChangePropagator@513b52af - Propagating INFO level on Logger[ROOT] onto the JUL framework
15:36:01,485 |-INFO in ch.qos.logback.core.model.processor.AppenderRefModelHandler - Attaching appender named [CONSOLE] to Logger[ROOT]
15:36:01,485 |-INFO in ch.qos.logback.core.model.processor.AppenderRefModelHandler - Attaching appender named [FILE] to Logger[ROOT]
15:36:01,485 |-INFO in ch.qos.logback.core.model.processor.DefaultProcessor@119b0892 - End of configuration.
15:36:01,485 |-INFO in org.springframework.boot.logging.logback.SpringBootJoranConfigurator@1a3e8e24 - Registering current configuration as safe fallback point


  .   ____          _            __ _ _
 /\\ / ___'_ __ _ _(_)_ __  __ _ \ \ \ \
( ( )\___ | '_ | '_| | '_ \/ _` | \ \ \ \
 \\/  ___)| |_)| | | | | || (_| |  ) ) ) )
  '  |____| .__|_| |_|_| |_\__, | / / / /
 =========|_|==============|___/=/_/_/_/
 :: Spring Boot ::               (v3.2.11)

2024-11-12T15:36:01.494+08:00  INFO 48593 --- [customers-service] [           main] c.c.c.ConfigServicePropertySourceLocator : Fetching config from server at : http://localhost:8888
2024-11-12T15:36:01.497+08:00  INFO 48593 --- [customers-service] [           main] c.c.c.ConfigServicePropertySourceLocator : Exception on Url - http://localhost:8888:org.springframework.web.client.ResourceAccessException: I/O error on GET request for "http://localhost:8888/customers-service/test": Connection refused. Will be trying the next url if available
2024-11-12T15:36:01.497+08:00  WARN 48593 --- [customers-service] [           main] c.c.c.ConfigServicePropertySourceLocator : Could not locate PropertySource: I/O error on GET request for "http://localhost:8888/customers-service/test": Connection refused
2024-11-12T15:36:01.503+08:00  INFO 48593 --- [customers-service] [           main] o.s.s.p.customers.web.PetResourceTest    : The following 1 profile is active: "test"
2024-11-12T15:36:01.505+08:00  INFO 48593 --- [customers-service] [           main] o.s.c.c.c.ConfigServerConfigDataLoader   : Fetching config from server at : http://localhost:8888/
2024-11-12T15:36:01.505+08:00  INFO 48593 --- [customers-service] [           main] o.s.c.c.c.ConfigServerConfigDataLoader   : Exception on Url - http://localhost:8888/:org.springframework.web.client.ResourceAccessException: I/O error on GET request for "http://localhost:8888/customers-service/default": Connection refused. Will be trying the next url if available
2024-11-12T15:36:01.506+08:00  WARN 48593 --- [customers-service] [           main] o.s.c.c.c.ConfigServerConfigDataLoader   : Could not locate PropertySource ([ConfigServerConfigDataResource@56b859a6 uris = array<String>['http://localhost:8888/'], optional = true, profiles = 'default']): I/O error on GET request for "http://localhost:8888/customers-service/default": Connection refused
2024-11-12T15:36:01.506+08:00  INFO 48593 --- [customers-service] [           main] o.s.c.c.c.ConfigServerConfigDataLoader   : Fetching config from server at : http://localhost:8888/
2024-11-12T15:36:01.506+08:00  INFO 48593 --- [customers-service] [           main] o.s.c.c.c.ConfigServerConfigDataLoader   : Exception on Url - http://localhost:8888/:org.springframework.web.client.ResourceAccessException: I/O error on GET request for "http://localhost:8888/customers-service/test": Connection refused. Will be trying the next url if available
2024-11-12T15:36:01.506+08:00  WARN 48593 --- [customers-service] [           main] o.s.c.c.c.ConfigServerConfigDataLoader   : Could not locate PropertySource ([ConfigServerConfigDataResource@6f798482 uris = array<String>['http://localhost:8888/'], optional = true, profiles = 'test']): I/O error on GET request for "http://localhost:8888/customers-service/test": Connection refused
2024-11-12T15:36:01.506+08:00  INFO 48593 --- [customers-service] [           main] o.s.c.c.c.ConfigServerConfigDataLoader   : Fetching config from server at : http://localhost:8888/
2024-11-12T15:36:01.506+08:00  INFO 48593 --- [customers-service] [           main] o.s.c.c.c.ConfigServerConfigDataLoader   : Exception on Url - http://localhost:8888/:org.springframework.web.client.ResourceAccessException: I/O error on GET request for "http://localhost:8888/customers-service/default": Connection refused. Will be trying the next url if available
2024-11-12T15:36:01.506+08:00  WARN 48593 --- [customers-service] [           main] o.s.c.c.c.ConfigServerConfigDataLoader   : Could not locate PropertySource ([ConfigServerConfigDataResource@332bcab0 uris = array<String>['http://localhost:8888/'], optional = true, profiles = 'default']): I/O error on GET request for "http://localhost:8888/customers-service/default": Connection refused
2024-11-12T15:36:02.883+08:00  INFO 48593 --- [customers-service] [           main] o.s.b.t.m.w.SpringBootMockServletContext : Initializing Spring TestDispatcherServlet ''
2024-11-12T15:36:02.883+08:00  INFO 48593 --- [customers-service] [           main] o.s.t.web.servlet.TestDispatcherServlet  : Initializing Servlet ''
2024-11-12T15:36:02.884+08:00  INFO 48593 --- [customers-service] [           main] o.s.t.web.servlet.TestDispatcherServlet  : Completed initialization in 1 ms
2024-11-12T15:36:02.894+08:00  INFO 48593 --- [customers-service] [           main] o.s.s.p.customers.web.PetResourceTest    : Started PetResourceTest in 2.008 seconds (process running for 2.809)
]]></system-out>
  </testcase>
</testsuite>